<?xml version="1.0" encoding="UTF-8"?>
<!-- Generated by org.testng.reporters.JUnitReportReporter -->
<testsuite hostname="Jose-Mendez-MacBook-Pro.local" failures="0" tests="2" name="TestAccount" time="19.390" errors="0" timestamp="2020-06-20T22:44:12 CST" skipped="0">
  <testcase classname="TestAccount" name="testLoginSuccessful" time="10.352"/>
  <testcase classname="TestAccount" name="testLoginUnsuccessful" time="9.038"/>
</testsuite> <!-- TestAccount -->
