<?xml version="1.0" encoding="UTF-8"?>
<!-- Generated by org.testng.reporters.JUnitReportReporter -->
<testsuite hostname="Jose-Mendez-MacBook-Pro.local" failures="0" tests="3" name="DemoAccount" time="5.476" errors="0" timestamp="2020-06-30T21:29:41 CST" skipped="2">
  <testcase classname="DemoAccount" name="dragAndDrop" time="5.476"/>
  <testcase classname="DemoAccount" name="test_capabilities">
    <skipped/>
  </testcase> <!-- test_capabilities -->
  <testcase classname="DemoAccount" name="test_waits">
    <skipped/>
  </testcase> <!-- test_waits -->
</testsuite> <!-- DemoAccount -->
